2020-2-7 11:14:26 505  modulefile=C:\Users\marsy\AppData\Local\liebao\6.5.115.18480\uninst.exe,installPath=C:\Users\marsy\AppData\Local\liebao\
2020-2-7 11:14:26 771  RunApp szPath=C:\Users\marsy\AppData\Local\Temp\uninst.exe,szCmd=dllhost.exe,dwWaitTime=0,bShow=1,bWaitTimeTermination=0

2020-2-7 11:14:27 036  RunApp bRet=1

2020-2-7 11:14:27 067  modulefile=C:\Users\marsy\AppData\Local\Temp\uninst.exe,installPath=C:\Users\marsy\AppData\Local\liebao\
2020-2-7 11:14:38 134  RealDownloadUninstallConfigFunc start
2020-2-7 11:14:38 330  DeleteShortcut begin!!
2020-2-7 11:14:38 332  CreateShellLink start...
2020-2-7 11:14:38 337  Save = 0x80070002
2020-2-7 11:14:38 637  URLDownloadToFile start 0x0
2020-2-7 11:14:38 640  RealDownloadUninstallConfigFunc end
2020-2-7 11:14:38 899  ShellExecute ret=0x2a

2020-2-7 11:14:38 934  ShellExecute ret=0x1f

2020-2-7 11:14:38 940  DeleteShortcut end!!
2020-2-7 11:14:38 948  DeleteProductFile begin!!
2020-2-7 11:14:38 948  File C Not Exits
2020-2-7 11:14:38 948  DeleteProductFile end!!
2020-2-7 11:14:38 948  StopSvr begin!!
2020-2-7 11:14:38 948  StopSvr = C:\Users\marsy\AppData\Local\liebao\6.5.115.18480 

2020-2-7 11:14:38 949  GetDebugPrivilege bRet=1,code=0

2020-2-7 11:14:38 950  KillProcessByPath Begin

2020-2-7 11:14:38 950  KillProcessByPath path:\Device\HarddiskVolume3\Users\marsy\AppData\Local\liebao\6.5.115.18480\knbcenter.exe
2020-2-7 11:14:39 002  Terminate process WaitForSingleObject WAIT_OBJECT_0
2020-2-7 11:14:39 009  KillProcessByPath End

2020-2-7 11:14:39 010  StopSvr dwcode=0
2020-2-7 11:14:39 010  StopSvr end!!
2020-2-7 11:14:39 195  ClearBDHDFolder begin!!
2020-2-7 11:14:39 195  ClearBDHDFolder end!!
